<?xml version="1.0" encoding="UTF-8"?>
<testng-results skipped="0" failed="0" ignored="0" total="1" passed="1">
  <reporter-output>
  </reporter-output>
  <suite name="Command line suite" duration-ms="7689" started-at="2021-02-07T11:08:45 GMT" finished-at="2021-02-07T11:08:53 GMT">
    <groups>
    </groups>
    <test name="Command line test" duration-ms="7689" started-at="2021-02-07T11:08:45 GMT" finished-at="2021-02-07T11:08:53 GMT">
      <class name="scripts.StartJourney">
        <test-method status="PASS" signature="openApp()[pri:0, instance:scripts.StartJourney@11531931]" name="openApp" is-config="true" duration-ms="4132" started-at="2021-02-07T11:08:45 GMT" finished-at="2021-02-07T11:08:49 GMT">
          <reporter-output>
          </reporter-output>
        </test-method> <!-- openApp -->
        <test-method status="PASS" signature="test2()[pri:0, instance:scripts.StartJourney@11531931]" name="test2" duration-ms="3328" started-at="2021-02-07T11:08:49 GMT" finished-at="2021-02-07T11:08:53 GMT">
          <reporter-output>
          </reporter-output>
        </test-method> <!-- test2 -->
        <test-method status="PASS" signature="closeapp(org.testng.ITestResult)[pri:0, instance:scripts.StartJourney@11531931]" name="closeapp" is-config="true" duration-ms="181" started-at="2021-02-07T11:08:53 GMT" finished-at="2021-02-07T11:08:53 GMT">
          <params>
            <param index="0">
              <value>
                <![CDATA[[TestResult name=test2 status=SUCCESS method=StartJourney.test2()[pri:0, instance:scripts.StartJourney@11531931] output={null}]]]>
              </value>
            </param>
          </params>
          <reporter-output>
          </reporter-output>
        </test-method> <!-- closeapp -->
      </class> <!-- scripts.StartJourney -->
    </test> <!-- Command line test -->
  </suite> <!-- Command line suite -->
</testng-results>
